
**** Build of configuration Debug for project miniCCSProject ****

"E:\\Apps\\ti\\ccs1250\\ccs\\utils\\bin\\gmake" -k -j 16 all -O 
 
Building file: "../main.c"
Invoking: Arm Compiler
"E:/Apps/ti/ccs1250/ccs/tools/compiler/ti-cgt-arm_20.2.7.LTS/bin/armcl" -mv7M4 --code_state=16 --float_support=FPv4SPD16 -me --include_path="G:/Workspace/learningMaster/TKHTNNC/allSourceCodes/miniProject/sourceCodes/miniCCSProject" --include_path="E:/Apps/ti/TivaWare_C_Series-2.2.0.295" --include_path="E:/Apps/ti/ccs1250/ccs/tools/compiler/ti-cgt-arm_20.2.7.LTS/include" --define=ccs="ccs" --define=PART_TM4C123GH6PM -g --gcc --diag_warning=225 --diag_wrap=off --display_error_number --abi=eabi --preproc_with_compile --preproc_dependency="main.d_raw"  "../main.c"
Finished building: "../main.c"
 
Building file: "../my_libs/src/configure_peripherals_api.c"
Invoking: Arm Compiler
"E:/Apps/ti/ccs1250/ccs/tools/compiler/ti-cgt-arm_20.2.7.LTS/bin/armcl" -mv7M4 --code_state=16 --float_support=FPv4SPD16 -me --include_path="G:/Workspace/learningMaster/TKHTNNC/allSourceCodes/miniProject/sourceCodes/miniCCSProject" --include_path="E:/Apps/ti/TivaWare_C_Series-2.2.0.295" --include_path="E:/Apps/ti/ccs1250/ccs/tools/compiler/ti-cgt-arm_20.2.7.LTS/include" --define=ccs="ccs" --define=PART_TM4C123GH6PM -g --gcc --diag_warning=225 --diag_wrap=off --display_error_number --abi=eabi --preproc_with_compile --preproc_dependency="my_libs/src/configure_peripherals_api.d_raw" --obj_directory="my_libs/src"  "../my_libs/src/configure_peripherals_api.c"
Finished building: "../my_libs/src/configure_peripherals_api.c"
 
Building file: "../my_libs/src/uart_api.c"
Invoking: Arm Compiler
"E:/Apps/ti/ccs1250/ccs/tools/compiler/ti-cgt-arm_20.2.7.LTS/bin/armcl" -mv7M4 --code_state=16 --float_support=FPv4SPD16 -me --include_path="G:/Workspace/learningMaster/TKHTNNC/allSourceCodes/miniProject/sourceCodes/miniCCSProject" --include_path="E:/Apps/ti/TivaWare_C_Series-2.2.0.295" --include_path="E:/Apps/ti/ccs1250/ccs/tools/compiler/ti-cgt-arm_20.2.7.LTS/include" --define=ccs="ccs" --define=PART_TM4C123GH6PM -g --gcc --diag_warning=225 --diag_wrap=off --display_error_number --abi=eabi --preproc_with_compile --preproc_dependency="my_libs/src/uart_api.d_raw" --obj_directory="my_libs/src"  "../my_libs/src/uart_api.c"
Finished building: "../my_libs/src/uart_api.c"
 
Building file: "../my_libs/src/rc522_api.c"
Invoking: Arm Compiler
"E:/Apps/ti/ccs1250/ccs/tools/compiler/ti-cgt-arm_20.2.7.LTS/bin/armcl" -mv7M4 --code_state=16 --float_support=FPv4SPD16 -me --include_path="G:/Workspace/learningMaster/TKHTNNC/allSourceCodes/miniProject/sourceCodes/miniCCSProject" --include_path="E:/Apps/ti/TivaWare_C_Series-2.2.0.295" --include_path="E:/Apps/ti/ccs1250/ccs/tools/compiler/ti-cgt-arm_20.2.7.LTS/include" --define=ccs="ccs" --define=PART_TM4C123GH6PM -g --gcc --diag_warning=225 --diag_wrap=off --display_error_number --abi=eabi --preproc_with_compile --preproc_dependency="my_libs/src/rc522_api.d_raw" --obj_directory="my_libs/src"  "../my_libs/src/rc522_api.c"
"../my_libs/src/rc522_api.c", line 26: warning #552-D: variable "ucAddr" was set but never used
"../my_libs/src/rc522_api.c", line 54: warning #551-D: variable "ret" is used before its value is set
"../my_libs/src/rc522_api.c", line 55: warning #225-D: function "UARTStringPut" declared implicitly
"../my_libs/src/rc522_api.c", line 58: warning #551-D: variable "ucValue" is used before its value is set
"../my_libs/src/rc522_api.c", line 49: warning #552-D: variable "ucAddr" was set but never used
"../my_libs/src/rc522_api.c", line 61: warning #174-D: external/internal linkage conflict with previous declaration
"../my_libs/src/rc522_api.c", line 63: warning #225-D: function "UARTStringPut" declared implicitly
"../my_libs/src/rc522_api.c", line 86: warning #69-D: integer conversion resulted in a change of sign
"../my_libs/src/rc522_api.c", line 108: warning #69-D: integer conversion resulted in a change of sign
"../my_libs/src/rc522_api.c", line 109: warning #225-D: function "UARTStringPut" declared implicitly
"../my_libs/src/rc522_api.c", line 112: warning #225-D: function "UARTStringPut" declared implicitly
"../my_libs/src/rc522_api.c", line 117: warning #69-D: integer conversion resulted in a change of sign
"../my_libs/src/rc522_api.c", line 162: warning #225-D: function "UARTStringPut" declared implicitly
"../my_libs/src/rc522_api.c", line 171: warning #69-D: integer conversion resulted in a change of sign
"../my_libs/src/rc522_api.c", line 187: warning #69-D: integer conversion resulted in a change of sign
"../my_libs/src/rc522_api.c", line 209: warning #69-D: integer conversion resulted in a change of sign
"../my_libs/src/rc522_api.c", line 274: warning #69-D: integer conversion resulted in a change of sign
"../my_libs/src/rc522_api.c", line 286: warning #69-D: integer conversion resulted in a change of sign
"../my_libs/src/rc522_api.c", line 301: warning #69-D: integer conversion resulted in a change of sign
"../my_libs/src/rc522_api.c", line 308: warning #69-D: integer conversion resulted in a change of sign
"../my_libs/src/rc522_api.c", line 326: warning #225-D: function "UARTStringPut" declared implicitly
"../my_libs/src/rc522_api.c", line 82: warning #179-D: function "rc522Compare" was declared but never referenced
"../my_libs/src/rc522_api.c", line 239: warning #179-D: function "rc522SelectTag" was declared but never referenced
"../my_libs/src/rc522_api.c", line 259: warning #179-D: function "rc522Auth" was declared but never referenced
"../my_libs/src/rc522_api.c", line 278: warning #179-D: function "rc522Read" was declared but never referenced
"../my_libs/src/rc522_api.c", line 290: warning #179-D: function "rc522Write" was declared but never referenced
"../my_libs/src/rc522_api.c", line 344: warning #179-D: function "rc522AntennaOff" was declared but never referenced
"../my_libs/src/rc522_api.c", line 61: warning #179-D: function "rc522Check" was declared but never referenced
"../my_libs/src/rc522_api.c", line 21: warning #179-D: function "lowCSPin" was declared but never referenced
Finished building: "../my_libs/src/rc522_api.c"
 
Building target: "miniCCSProject.out"
Invoking: Arm Linker
"E:/Apps/ti/ccs1250/ccs/tools/compiler/ti-cgt-arm_20.2.7.LTS/bin/armcl" -mv7M4 --code_state=16 --float_support=FPv4SPD16 -me --define=ccs="ccs" --define=PART_TM4C123GH6PM -g --gcc --diag_warning=225 --diag_wrap=off --display_error_number --abi=eabi -z -m"miniCCSProject.map" --heap_size=0 --stack_size=512 -i"E:/Apps/ti/ccs1250/ccs/tools/compiler/ti-cgt-arm_20.2.7.LTS/lib" -i"E:/Apps/ti/ccs1250/ccs/tools/compiler/ti-cgt-arm_20.2.7.LTS/include" --reread_libs --diag_wrap=off --display_error_number --warn_sections --xml_link_info="miniCCSProject_linkInfo.xml" --rom_model -o "miniCCSProject.out" "./main.obj" "./tm4c123gh6pm_startup_ccs.obj" "./my_libs/src/configure_peripherals_api.obj" "./my_libs/src/rc522_api.obj" "./my_libs/src/uart_api.obj" "E:/Apps/ti/TivaWare_C_Series-2.2.0.295/driverlib/ccs/Debug/driverlib.lib" "../tm4c123gh6pm.cmd"  -llibc.a 
<Linking>
Finished building target: "miniCCSProject.out"
 

**** Build Finished ****
