
**** Build of configuration Debug for project BTVN_2 ****

"D:\\ccs\\utils\\bin\\gmake" -k -j 4 all -O 
 
Building file: "../tm4c123gh6pm_startup_ccs.c"
Invoking: Arm Compiler
"D:/ccs/tools/compiler/ti-cgt-arm_20.2.4.LTS/bin/armcl" -mv7M4 --code_state=16 --float_support=FPv4SPD16 -me --include_path="D:/CODE COMPOSER STUDIO/FREERTOS/BTVN_2" --include_path="C:/Users/Dell/Desktop/EmbeddedProgExample/EmbeddedProgExample/FreeRTOSExample7/FreeRTOSSource" --include_path="C:/Users/Dell/Desktop/EmbeddedProgExample/EmbeddedProgExample/FreeRTOSExample7/drivers" --include_path="C:/Users/Dell/Desktop/EmbeddedProgExample/EmbeddedProgExample/FreeRTOSExample7" --include_path="C:/Users/Dell/Desktop/EmbeddedProgExample/EmbeddedProgExample/FreeRTOSExample7/Application" --include_path="C:/Users/Dell/Desktop/EmbeddedProgExample/EmbeddedProgExample/vdtrenlop/FreeRTOS/include" --include_path="C:/ti/TivaWare_C_Series-2.2.0.295" --include_path="D:/TIVAWARE" --include_path="D:/ccs/tools/compiler/ti-cgt-arm_20.2.4.LTS/include" --define=ccs="ccs" --define=PART_TM4C123GH6PM --define=TARGET_IS_BLIZZARD_RB1 -g --gcc --diag_warning=225 --diag_wrap=off --display_error_number --abi=eabi --preproc_with_compile --preproc_dependency="tm4c123gh6pm_startup_ccs.d_raw"  "../tm4c123gh6pm_startup_ccs.c"
Finished building: "../tm4c123gh6pm_startup_ccs.c"
 
Building file: "../Application/ledGreenStateMachine.c"
Invoking: Arm Compiler
"D:/ccs/tools/compiler/ti-cgt-arm_20.2.4.LTS/bin/armcl" -mv7M4 --code_state=16 --float_support=FPv4SPD16 -me --include_path="D:/CODE COMPOSER STUDIO/FREERTOS/BTVN_2" --include_path="C:/Users/Dell/Desktop/EmbeddedProgExample/EmbeddedProgExample/FreeRTOSExample7/FreeRTOSSource" --include_path="C:/Users/Dell/Desktop/EmbeddedProgExample/EmbeddedProgExample/FreeRTOSExample7/drivers" --include_path="C:/Users/Dell/Desktop/EmbeddedProgExample/EmbeddedProgExample/FreeRTOSExample7" --include_path="C:/Users/Dell/Desktop/EmbeddedProgExample/EmbeddedProgExample/FreeRTOSExample7/Application" --include_path="C:/Users/Dell/Desktop/EmbeddedProgExample/EmbeddedProgExample/vdtrenlop/FreeRTOS/include" --include_path="C:/ti/TivaWare_C_Series-2.2.0.295" --include_path="D:/TIVAWARE" --include_path="D:/ccs/tools/compiler/ti-cgt-arm_20.2.4.LTS/include" --define=ccs="ccs" --define=PART_TM4C123GH6PM --define=TARGET_IS_BLIZZARD_RB1 -g --gcc --diag_warning=225 --diag_wrap=off --display_error_number --abi=eabi --preproc_with_compile --preproc_dependency="Application/ledGreenStateMachine.d_raw" --obj_directory="Application"  "../Application/ledGreenStateMachine.c"
"D:/CODE COMPOSER STUDIO/FREERTOS/BTVN_2/drivers/switches.h", line 17: warning #48-D: incompatible redefinition of macro "TARGET_IS_BLIZZARD_RB1"
Finished building: "../Application/ledGreenStateMachine.c"
 
Building file: "../Application/ledRedStateMachine.c"
Invoking: Arm Compiler
"D:/ccs/tools/compiler/ti-cgt-arm_20.2.4.LTS/bin/armcl" -mv7M4 --code_state=16 --float_support=FPv4SPD16 -me --include_path="D:/CODE COMPOSER STUDIO/FREERTOS/BTVN_2" --include_path="C:/Users/Dell/Desktop/EmbeddedProgExample/EmbeddedProgExample/FreeRTOSExample7/FreeRTOSSource" --include_path="C:/Users/Dell/Desktop/EmbeddedProgExample/EmbeddedProgExample/FreeRTOSExample7/drivers" --include_path="C:/Users/Dell/Desktop/EmbeddedProgExample/EmbeddedProgExample/FreeRTOSExample7" --include_path="C:/Users/Dell/Desktop/EmbeddedProgExample/EmbeddedProgExample/FreeRTOSExample7/Application" --include_path="C:/Users/Dell/Desktop/EmbeddedProgExample/EmbeddedProgExample/vdtrenlop/FreeRTOS/include" --include_path="C:/ti/TivaWare_C_Series-2.2.0.295" --include_path="D:/TIVAWARE" --include_path="D:/ccs/tools/compiler/ti-cgt-arm_20.2.4.LTS/include" --define=ccs="ccs" --define=PART_TM4C123GH6PM --define=TARGET_IS_BLIZZARD_RB1 -g --gcc --diag_warning=225 --diag_wrap=off --display_error_number --abi=eabi --preproc_with_compile --preproc_dependency="Application/ledRedStateMachine.d_raw" --obj_directory="Application"  "../Application/ledRedStateMachine.c"
"D:/CODE COMPOSER STUDIO/FREERTOS/BTVN_2/drivers/switches.h", line 17: warning #48-D: incompatible redefinition of macro "TARGET_IS_BLIZZARD_RB1"
Finished building: "../Application/ledRedStateMachine.c"
 
Building file: "../Application/freertos_demo.c"
Invoking: Arm Compiler
"D:/ccs/tools/compiler/ti-cgt-arm_20.2.4.LTS/bin/armcl" -mv7M4 --code_state=16 --float_support=FPv4SPD16 -me --include_path="D:/CODE COMPOSER STUDIO/FREERTOS/BTVN_2" --include_path="C:/Users/Dell/Desktop/EmbeddedProgExample/EmbeddedProgExample/FreeRTOSExample7/FreeRTOSSource" --include_path="C:/Users/Dell/Desktop/EmbeddedProgExample/EmbeddedProgExample/FreeRTOSExample7/drivers" --include_path="C:/Users/Dell/Desktop/EmbeddedProgExample/EmbeddedProgExample/FreeRTOSExample7" --include_path="C:/Users/Dell/Desktop/EmbeddedProgExample/EmbeddedProgExample/FreeRTOSExample7/Application" --include_path="C:/Users/Dell/Desktop/EmbeddedProgExample/EmbeddedProgExample/vdtrenlop/FreeRTOS/include" --include_path="C:/ti/TivaWare_C_Series-2.2.0.295" --include_path="D:/TIVAWARE" --include_path="D:/ccs/tools/compiler/ti-cgt-arm_20.2.4.LTS/include" --define=ccs="ccs" --define=PART_TM4C123GH6PM --define=TARGET_IS_BLIZZARD_RB1 -g --gcc --diag_warning=225 --diag_wrap=off --display_error_number --abi=eabi --preproc_with_compile --preproc_dependency="Application/freertos_demo.d_raw" --obj_directory="Application"  "../Application/freertos_demo.c"
"../Application/freertos_demo.c", line 41: warning #48-D: incompatible redefinition of macro "TARGET_IS_BLIZZARD_RB1"
Finished building: "../Application/freertos_demo.c"
 
Building file: "../FreeRTOSSource/croutine.c"
Invoking: Arm Compiler
"D:/ccs/tools/compiler/ti-cgt-arm_20.2.4.LTS/bin/armcl" -mv7M4 --code_state=16 --float_support=FPv4SPD16 -me --include_path="D:/CODE COMPOSER STUDIO/FREERTOS/BTVN_2" --include_path="C:/Users/Dell/Desktop/EmbeddedProgExample/EmbeddedProgExample/FreeRTOSExample7/FreeRTOSSource" --include_path="C:/Users/Dell/Desktop/EmbeddedProgExample/EmbeddedProgExample/FreeRTOSExample7/drivers" --include_path="C:/Users/Dell/Desktop/EmbeddedProgExample/EmbeddedProgExample/FreeRTOSExample7" --include_path="C:/Users/Dell/Desktop/EmbeddedProgExample/EmbeddedProgExample/FreeRTOSExample7/Application" --include_path="C:/Users/Dell/Desktop/EmbeddedProgExample/EmbeddedProgExample/vdtrenlop/FreeRTOS/include" --include_path="C:/ti/TivaWare_C_Series-2.2.0.295" --include_path="D:/TIVAWARE" --include_path="D:/ccs/tools/compiler/ti-cgt-arm_20.2.4.LTS/include" --define=ccs="ccs" --define=PART_TM4C123GH6PM --define=TARGET_IS_BLIZZARD_RB1 -g --gcc --diag_warning=225 --diag_wrap=off --display_error_number --abi=eabi --preproc_with_compile --preproc_dependency="FreeRTOSSource/croutine.d_raw" --obj_directory="FreeRTOSSource"  "../FreeRTOSSource/croutine.c"
Finished building: "../FreeRTOSSource/croutine.c"
 
Building file: "../Application/switch_task.c"
Invoking: Arm Compiler
"D:/ccs/tools/compiler/ti-cgt-arm_20.2.4.LTS/bin/armcl" -mv7M4 --code_state=16 --float_support=FPv4SPD16 -me --include_path="D:/CODE COMPOSER STUDIO/FREERTOS/BTVN_2" --include_path="C:/Users/Dell/Desktop/EmbeddedProgExample/EmbeddedProgExample/FreeRTOSExample7/FreeRTOSSource" --include_path="C:/Users/Dell/Desktop/EmbeddedProgExample/EmbeddedProgExample/FreeRTOSExample7/drivers" --include_path="C:/Users/Dell/Desktop/EmbeddedProgExample/EmbeddedProgExample/FreeRTOSExample7" --include_path="C:/Users/Dell/Desktop/EmbeddedProgExample/EmbeddedProgExample/FreeRTOSExample7/Application" --include_path="C:/Users/Dell/Desktop/EmbeddedProgExample/EmbeddedProgExample/vdtrenlop/FreeRTOS/include" --include_path="C:/ti/TivaWare_C_Series-2.2.0.295" --include_path="D:/TIVAWARE" --include_path="D:/ccs/tools/compiler/ti-cgt-arm_20.2.4.LTS/include" --define=ccs="ccs" --define=PART_TM4C123GH6PM --define=TARGET_IS_BLIZZARD_RB1 -g --gcc --diag_warning=225 --diag_wrap=off --display_error_number --abi=eabi --preproc_with_compile --preproc_dependency="Application/switch_task.d_raw" --obj_directory="Application"  "../Application/switch_task.c"
"../Application/switch_task.c", line 78: warning #225-D: function "ledGreenStateMachineUpdate" declared implicitly
"../Application/switch_task.c", line 61: warning #552-D: variable "ui16LastTime" was set but never used
"../Application/switch_task.c", line 62: warning #179-D: variable "ui32SwitchDelay" was declared but never referenced
"../Application/switch_task.c", line 63: warning #552-D: variable "ui8CurButtonState" was set but never used
"../Application/switch_task.c", line 63: warning #552-D: variable "ui8PrevButtonState" was set but never used
"../Application/switch_task.c", line 64: warning #179-D: variable "ui8Message" was declared but never referenced
Finished building: "../Application/switch_task.c"
 
Building file: "../Application/led_task.c"
Invoking: Arm Compiler
"D:/ccs/tools/compiler/ti-cgt-arm_20.2.4.LTS/bin/armcl" -mv7M4 --code_state=16 --float_support=FPv4SPD16 -me --include_path="D:/CODE COMPOSER STUDIO/FREERTOS/BTVN_2" --include_path="C:/Users/Dell/Desktop/EmbeddedProgExample/EmbeddedProgExample/FreeRTOSExample7/FreeRTOSSource" --include_path="C:/Users/Dell/Desktop/EmbeddedProgExample/EmbeddedProgExample/FreeRTOSExample7/drivers" --include_path="C:/Users/Dell/Desktop/EmbeddedProgExample/EmbeddedProgExample/FreeRTOSExample7" --include_path="C:/Users/Dell/Desktop/EmbeddedProgExample/EmbeddedProgExample/FreeRTOSExample7/Application" --include_path="C:/Users/Dell/Desktop/EmbeddedProgExample/EmbeddedProgExample/vdtrenlop/FreeRTOS/include" --include_path="C:/ti/TivaWare_C_Series-2.2.0.295" --include_path="D:/TIVAWARE" --include_path="D:/ccs/tools/compiler/ti-cgt-arm_20.2.4.LTS/include" --define=ccs="ccs" --define=PART_TM4C123GH6PM --define=TARGET_IS_BLIZZARD_RB1 -g --gcc --diag_warning=225 --diag_wrap=off --display_error_number --abi=eabi --preproc_with_compile --preproc_dependency="Application/led_task.d_raw" --obj_directory="Application"  "../Application/led_task.c"
"../Application/led_task.c", line 87: warning #225-D: function "ledGreenStateMachineUpdate" declared implicitly
Finished building: "../Application/led_task.c"
 
Building file: "../FreeRTOSSource/event_groups.c"
Invoking: Arm Compiler
"D:/ccs/tools/compiler/ti-cgt-arm_20.2.4.LTS/bin/armcl" -mv7M4 --code_state=16 --float_support=FPv4SPD16 -me --include_path="D:/CODE COMPOSER STUDIO/FREERTOS/BTVN_2" --include_path="C:/Users/Dell/Desktop/EmbeddedProgExample/EmbeddedProgExample/FreeRTOSExample7/FreeRTOSSource" --include_path="C:/Users/Dell/Desktop/EmbeddedProgExample/EmbeddedProgExample/FreeRTOSExample7/drivers" --include_path="C:/Users/Dell/Desktop/EmbeddedProgExample/EmbeddedProgExample/FreeRTOSExample7" --include_path="C:/Users/Dell/Desktop/EmbeddedProgExample/EmbeddedProgExample/FreeRTOSExample7/Application" --include_path="C:/Users/Dell/Desktop/EmbeddedProgExample/EmbeddedProgExample/vdtrenlop/FreeRTOS/include" --include_path="C:/ti/TivaWare_C_Series-2.2.0.295" --include_path="D:/TIVAWARE" --include_path="D:/ccs/tools/compiler/ti-cgt-arm_20.2.4.LTS/include" --define=ccs="ccs" --define=PART_TM4C123GH6PM --define=TARGET_IS_BLIZZARD_RB1 -g --gcc --diag_warning=225 --diag_wrap=off --display_error_number --abi=eabi --preproc_with_compile --preproc_dependency="FreeRTOSSource/event_groups.d_raw" --obj_directory="FreeRTOSSource"  "../FreeRTOSSource/event_groups.c"
Finished building: "../FreeRTOSSource/event_groups.c"
 
Building file: "../FreeRTOSSource/port.c"
Invoking: Arm Compiler
"D:/ccs/tools/compiler/ti-cgt-arm_20.2.4.LTS/bin/armcl" -mv7M4 --code_state=16 --float_support=FPv4SPD16 -me --include_path="D:/CODE COMPOSER STUDIO/FREERTOS/BTVN_2" --include_path="C:/Users/Dell/Desktop/EmbeddedProgExample/EmbeddedProgExample/FreeRTOSExample7/FreeRTOSSource" --include_path="C:/Users/Dell/Desktop/EmbeddedProgExample/EmbeddedProgExample/FreeRTOSExample7/drivers" --include_path="C:/Users/Dell/Desktop/EmbeddedProgExample/EmbeddedProgExample/FreeRTOSExample7" --include_path="C:/Users/Dell/Desktop/EmbeddedProgExample/EmbeddedProgExample/FreeRTOSExample7/Application" --include_path="C:/Users/Dell/Desktop/EmbeddedProgExample/EmbeddedProgExample/vdtrenlop/FreeRTOS/include" --include_path="C:/ti/TivaWare_C_Series-2.2.0.295" --include_path="D:/TIVAWARE" --include_path="D:/ccs/tools/compiler/ti-cgt-arm_20.2.4.LTS/include" --define=ccs="ccs" --define=PART_TM4C123GH6PM --define=TARGET_IS_BLIZZARD_RB1 -g --gcc --diag_warning=225 --diag_wrap=off --display_error_number --abi=eabi --preproc_with_compile --preproc_dependency="FreeRTOSSource/port.d_raw" --obj_directory="FreeRTOSSource"  "../FreeRTOSSource/port.c"
Finished building: "../FreeRTOSSource/port.c"
 
Building file: "../FreeRTOSSource/heap_2.c"
Invoking: Arm Compiler
"D:/ccs/tools/compiler/ti-cgt-arm_20.2.4.LTS/bin/armcl" -mv7M4 --code_state=16 --float_support=FPv4SPD16 -me --include_path="D:/CODE COMPOSER STUDIO/FREERTOS/BTVN_2" --include_path="C:/Users/Dell/Desktop/EmbeddedProgExample/EmbeddedProgExample/FreeRTOSExample7/FreeRTOSSource" --include_path="C:/Users/Dell/Desktop/EmbeddedProgExample/EmbeddedProgExample/FreeRTOSExample7/drivers" --include_path="C:/Users/Dell/Desktop/EmbeddedProgExample/EmbeddedProgExample/FreeRTOSExample7" --include_path="C:/Users/Dell/Desktop/EmbeddedProgExample/EmbeddedProgExample/FreeRTOSExample7/Application" --include_path="C:/Users/Dell/Desktop/EmbeddedProgExample/EmbeddedProgExample/vdtrenlop/FreeRTOS/include" --include_path="C:/ti/TivaWare_C_Series-2.2.0.295" --include_path="D:/TIVAWARE" --include_path="D:/ccs/tools/compiler/ti-cgt-arm_20.2.4.LTS/include" --define=ccs="ccs" --define=PART_TM4C123GH6PM --define=TARGET_IS_BLIZZARD_RB1 -g --gcc --diag_warning=225 --diag_wrap=off --display_error_number --abi=eabi --preproc_with_compile --preproc_dependency="FreeRTOSSource/heap_2.d_raw" --obj_directory="FreeRTOSSource"  "../FreeRTOSSource/heap_2.c"
Finished building: "../FreeRTOSSource/heap_2.c"
 
Building file: "../FreeRTOSSource/list.c"
Invoking: Arm Compiler
"D:/ccs/tools/compiler/ti-cgt-arm_20.2.4.LTS/bin/armcl" -mv7M4 --code_state=16 --float_support=FPv4SPD16 -me --include_path="D:/CODE COMPOSER STUDIO/FREERTOS/BTVN_2" --include_path="C:/Users/Dell/Desktop/EmbeddedProgExample/EmbeddedProgExample/FreeRTOSExample7/FreeRTOSSource" --include_path="C:/Users/Dell/Desktop/EmbeddedProgExample/EmbeddedProgExample/FreeRTOSExample7/drivers" --include_path="C:/Users/Dell/Desktop/EmbeddedProgExample/EmbeddedProgExample/FreeRTOSExample7" --include_path="C:/Users/Dell/Desktop/EmbeddedProgExample/EmbeddedProgExample/FreeRTOSExample7/Application" --include_path="C:/Users/Dell/Desktop/EmbeddedProgExample/EmbeddedProgExample/vdtrenlop/FreeRTOS/include" --include_path="C:/ti/TivaWare_C_Series-2.2.0.295" --include_path="D:/TIVAWARE" --include_path="D:/ccs/tools/compiler/ti-cgt-arm_20.2.4.LTS/include" --define=ccs="ccs" --define=PART_TM4C123GH6PM --define=TARGET_IS_BLIZZARD_RB1 -g --gcc --diag_warning=225 --diag_wrap=off --display_error_number --abi=eabi --preproc_with_compile --preproc_dependency="FreeRTOSSource/list.d_raw" --obj_directory="FreeRTOSSource"  "../FreeRTOSSource/list.c"
Finished building: "../FreeRTOSSource/list.c"
 
Building file: "../FreeRTOSSource/portasm.asm"
Invoking: Arm Compiler
"D:/ccs/tools/compiler/ti-cgt-arm_20.2.4.LTS/bin/armcl" -mv7M4 --code_state=16 --float_support=FPv4SPD16 -me --include_path="D:/CODE COMPOSER STUDIO/FREERTOS/BTVN_2" --include_path="C:/Users/Dell/Desktop/EmbeddedProgExample/EmbeddedProgExample/FreeRTOSExample7/FreeRTOSSource" --include_path="C:/Users/Dell/Desktop/EmbeddedProgExample/EmbeddedProgExample/FreeRTOSExample7/drivers" --include_path="C:/Users/Dell/Desktop/EmbeddedProgExample/EmbeddedProgExample/FreeRTOSExample7" --include_path="C:/Users/Dell/Desktop/EmbeddedProgExample/EmbeddedProgExample/FreeRTOSExample7/Application" --include_path="C:/Users/Dell/Desktop/EmbeddedProgExample/EmbeddedProgExample/vdtrenlop/FreeRTOS/include" --include_path="C:/ti/TivaWare_C_Series-2.2.0.295" --include_path="D:/TIVAWARE" --include_path="D:/ccs/tools/compiler/ti-cgt-arm_20.2.4.LTS/include" --define=ccs="ccs" --define=PART_TM4C123GH6PM --define=TARGET_IS_BLIZZARD_RB1 -g --gcc --diag_warning=225 --diag_wrap=off --display_error_number --abi=eabi --preproc_with_compile --preproc_dependency="FreeRTOSSource/portasm.d_raw" --obj_directory="FreeRTOSSource"  "../FreeRTOSSource/portasm.asm"
Finished building: "../FreeRTOSSource/portasm.asm"
 
Building file: "../FreeRTOSSource/timers.c"
Invoking: Arm Compiler
"D:/ccs/tools/compiler/ti-cgt-arm_20.2.4.LTS/bin/armcl" -mv7M4 --code_state=16 --float_support=FPv4SPD16 -me --include_path="D:/CODE COMPOSER STUDIO/FREERTOS/BTVN_2" --include_path="C:/Users/Dell/Desktop/EmbeddedProgExample/EmbeddedProgExample/FreeRTOSExample7/FreeRTOSSource" --include_path="C:/Users/Dell/Desktop/EmbeddedProgExample/EmbeddedProgExample/FreeRTOSExample7/drivers" --include_path="C:/Users/Dell/Desktop/EmbeddedProgExample/EmbeddedProgExample/FreeRTOSExample7" --include_path="C:/Users/Dell/Desktop/EmbeddedProgExample/EmbeddedProgExample/FreeRTOSExample7/Application" --include_path="C:/Users/Dell/Desktop/EmbeddedProgExample/EmbeddedProgExample/vdtrenlop/FreeRTOS/include" --include_path="C:/ti/TivaWare_C_Series-2.2.0.295" --include_path="D:/TIVAWARE" --include_path="D:/ccs/tools/compiler/ti-cgt-arm_20.2.4.LTS/include" --define=ccs="ccs" --define=PART_TM4C123GH6PM --define=TARGET_IS_BLIZZARD_RB1 -g --gcc --diag_warning=225 --diag_wrap=off --display_error_number --abi=eabi --preproc_with_compile --preproc_dependency="FreeRTOSSource/timers.d_raw" --obj_directory="FreeRTOSSource"  "../FreeRTOSSource/timers.c"
Finished building: "../FreeRTOSSource/timers.c"
 
Building file: "../FreeRTOSSource/stream_buffer.c"
Invoking: Arm Compiler
"D:/ccs/tools/compiler/ti-cgt-arm_20.2.4.LTS/bin/armcl" -mv7M4 --code_state=16 --float_support=FPv4SPD16 -me --include_path="D:/CODE COMPOSER STUDIO/FREERTOS/BTVN_2" --include_path="C:/Users/Dell/Desktop/EmbeddedProgExample/EmbeddedProgExample/FreeRTOSExample7/FreeRTOSSource" --include_path="C:/Users/Dell/Desktop/EmbeddedProgExample/EmbeddedProgExample/FreeRTOSExample7/drivers" --include_path="C:/Users/Dell/Desktop/EmbeddedProgExample/EmbeddedProgExample/FreeRTOSExample7" --include_path="C:/Users/Dell/Desktop/EmbeddedProgExample/EmbeddedProgExample/FreeRTOSExample7/Application" --include_path="C:/Users/Dell/Desktop/EmbeddedProgExample/EmbeddedProgExample/vdtrenlop/FreeRTOS/include" --include_path="C:/ti/TivaWare_C_Series-2.2.0.295" --include_path="D:/TIVAWARE" --include_path="D:/ccs/tools/compiler/ti-cgt-arm_20.2.4.LTS/include" --define=ccs="ccs" --define=PART_TM4C123GH6PM --define=TARGET_IS_BLIZZARD_RB1 -g --gcc --diag_warning=225 --diag_wrap=off --display_error_number --abi=eabi --preproc_with_compile --preproc_dependency="FreeRTOSSource/stream_buffer.d_raw" --obj_directory="FreeRTOSSource"  "../FreeRTOSSource/stream_buffer.c"
Finished building: "../FreeRTOSSource/stream_buffer.c"
 
Building file: "../FreeRTOSSource/queue.c"
Invoking: Arm Compiler
"D:/ccs/tools/compiler/ti-cgt-arm_20.2.4.LTS/bin/armcl" -mv7M4 --code_state=16 --float_support=FPv4SPD16 -me --include_path="D:/CODE COMPOSER STUDIO/FREERTOS/BTVN_2" --include_path="C:/Users/Dell/Desktop/EmbeddedProgExample/EmbeddedProgExample/FreeRTOSExample7/FreeRTOSSource" --include_path="C:/Users/Dell/Desktop/EmbeddedProgExample/EmbeddedProgExample/FreeRTOSExample7/drivers" --include_path="C:/Users/Dell/Desktop/EmbeddedProgExample/EmbeddedProgExample/FreeRTOSExample7" --include_path="C:/Users/Dell/Desktop/EmbeddedProgExample/EmbeddedProgExample/FreeRTOSExample7/Application" --include_path="C:/Users/Dell/Desktop/EmbeddedProgExample/EmbeddedProgExample/vdtrenlop/FreeRTOS/include" --include_path="C:/ti/TivaWare_C_Series-2.2.0.295" --include_path="D:/TIVAWARE" --include_path="D:/ccs/tools/compiler/ti-cgt-arm_20.2.4.LTS/include" --define=ccs="ccs" --define=PART_TM4C123GH6PM --define=TARGET_IS_BLIZZARD_RB1 -g --gcc --diag_warning=225 --diag_wrap=off --display_error_number --abi=eabi --preproc_with_compile --preproc_dependency="FreeRTOSSource/queue.d_raw" --obj_directory="FreeRTOSSource"  "../FreeRTOSSource/queue.c"
Finished building: "../FreeRTOSSource/queue.c"
 
Building file: "../drivers/buttons.c"
Invoking: Arm Compiler
"D:/ccs/tools/compiler/ti-cgt-arm_20.2.4.LTS/bin/armcl" -mv7M4 --code_state=16 --float_support=FPv4SPD16 -me --include_path="D:/CODE COMPOSER STUDIO/FREERTOS/BTVN_2" --include_path="C:/Users/Dell/Desktop/EmbeddedProgExample/EmbeddedProgExample/FreeRTOSExample7/FreeRTOSSource" --include_path="C:/Users/Dell/Desktop/EmbeddedProgExample/EmbeddedProgExample/FreeRTOSExample7/drivers" --include_path="C:/Users/Dell/Desktop/EmbeddedProgExample/EmbeddedProgExample/FreeRTOSExample7" --include_path="C:/Users/Dell/Desktop/EmbeddedProgExample/EmbeddedProgExample/FreeRTOSExample7/Application" --include_path="C:/Users/Dell/Desktop/EmbeddedProgExample/EmbeddedProgExample/vdtrenlop/FreeRTOS/include" --include_path="C:/ti/TivaWare_C_Series-2.2.0.295" --include_path="D:/TIVAWARE" --include_path="D:/ccs/tools/compiler/ti-cgt-arm_20.2.4.LTS/include" --define=ccs="ccs" --define=PART_TM4C123GH6PM --define=TARGET_IS_BLIZZARD_RB1 -g --gcc --diag_warning=225 --diag_wrap=off --display_error_number --abi=eabi --preproc_with_compile --preproc_dependency="drivers/buttons.d_raw" --obj_directory="drivers"  "../drivers/buttons.c"
Finished building: "../drivers/buttons.c"
 
Building file: "../drivers/led.c"
Invoking: Arm Compiler
"D:/ccs/tools/compiler/ti-cgt-arm_20.2.4.LTS/bin/armcl" -mv7M4 --code_state=16 --float_support=FPv4SPD16 -me --include_path="D:/CODE COMPOSER STUDIO/FREERTOS/BTVN_2" --include_path="C:/Users/Dell/Desktop/EmbeddedProgExample/EmbeddedProgExample/FreeRTOSExample7/FreeRTOSSource" --include_path="C:/Users/Dell/Desktop/EmbeddedProgExample/EmbeddedProgExample/FreeRTOSExample7/drivers" --include_path="C:/Users/Dell/Desktop/EmbeddedProgExample/EmbeddedProgExample/FreeRTOSExample7" --include_path="C:/Users/Dell/Desktop/EmbeddedProgExample/EmbeddedProgExample/FreeRTOSExample7/Application" --include_path="C:/Users/Dell/Desktop/EmbeddedProgExample/EmbeddedProgExample/vdtrenlop/FreeRTOS/include" --include_path="C:/ti/TivaWare_C_Series-2.2.0.295" --include_path="D:/TIVAWARE" --include_path="D:/ccs/tools/compiler/ti-cgt-arm_20.2.4.LTS/include" --define=ccs="ccs" --define=PART_TM4C123GH6PM --define=TARGET_IS_BLIZZARD_RB1 -g --gcc --diag_warning=225 --diag_wrap=off --display_error_number --abi=eabi --preproc_with_compile --preproc_dependency="drivers/led.d_raw" --obj_directory="drivers"  "../drivers/led.c"
"D:/CODE COMPOSER STUDIO/FREERTOS/BTVN_2/drivers/led.h", line 16: warning #48-D: incompatible redefinition of macro "TARGET_IS_BLIZZARD_RB1"
Finished building: "../drivers/led.c"
 
Building file: "../drivers/switches.c"
Invoking: Arm Compiler
"D:/ccs/tools/compiler/ti-cgt-arm_20.2.4.LTS/bin/armcl" -mv7M4 --code_state=16 --float_support=FPv4SPD16 -me --include_path="D:/CODE COMPOSER STUDIO/FREERTOS/BTVN_2" --include_path="C:/Users/Dell/Desktop/EmbeddedProgExample/EmbeddedProgExample/FreeRTOSExample7/FreeRTOSSource" --include_path="C:/Users/Dell/Desktop/EmbeddedProgExample/EmbeddedProgExample/FreeRTOSExample7/drivers" --include_path="C:/Users/Dell/Desktop/EmbeddedProgExample/EmbeddedProgExample/FreeRTOSExample7" --include_path="C:/Users/Dell/Desktop/EmbeddedProgExample/EmbeddedProgExample/FreeRTOSExample7/Application" --include_path="C:/Users/Dell/Desktop/EmbeddedProgExample/EmbeddedProgExample/vdtrenlop/FreeRTOS/include" --include_path="C:/ti/TivaWare_C_Series-2.2.0.295" --include_path="D:/TIVAWARE" --include_path="D:/ccs/tools/compiler/ti-cgt-arm_20.2.4.LTS/include" --define=ccs="ccs" --define=PART_TM4C123GH6PM --define=TARGET_IS_BLIZZARD_RB1 -g --gcc --diag_warning=225 --diag_wrap=off --display_error_number --abi=eabi --preproc_with_compile --preproc_dependency="drivers/switches.d_raw" --obj_directory="drivers"  "../drivers/switches.c"
"D:/CODE COMPOSER STUDIO/FREERTOS/BTVN_2/drivers/switches.h", line 17: warning #48-D: incompatible redefinition of macro "TARGET_IS_BLIZZARD_RB1"
"../drivers/switches.c", line 44: warning #994-D: missing return statement at end of non-void function "switchState"
Finished building: "../drivers/switches.c"
 
Building file: "../FreeRTOSSource/tasks.c"
Invoking: Arm Compiler
"D:/ccs/tools/compiler/ti-cgt-arm_20.2.4.LTS/bin/armcl" -mv7M4 --code_state=16 --float_support=FPv4SPD16 -me --include_path="D:/CODE COMPOSER STUDIO/FREERTOS/BTVN_2" --include_path="C:/Users/Dell/Desktop/EmbeddedProgExample/EmbeddedProgExample/FreeRTOSExample7/FreeRTOSSource" --include_path="C:/Users/Dell/Desktop/EmbeddedProgExample/EmbeddedProgExample/FreeRTOSExample7/drivers" --include_path="C:/Users/Dell/Desktop/EmbeddedProgExample/EmbeddedProgExample/FreeRTOSExample7" --include_path="C:/Users/Dell/Desktop/EmbeddedProgExample/EmbeddedProgExample/FreeRTOSExample7/Application" --include_path="C:/Users/Dell/Desktop/EmbeddedProgExample/EmbeddedProgExample/vdtrenlop/FreeRTOS/include" --include_path="C:/ti/TivaWare_C_Series-2.2.0.295" --include_path="D:/TIVAWARE" --include_path="D:/ccs/tools/compiler/ti-cgt-arm_20.2.4.LTS/include" --define=ccs="ccs" --define=PART_TM4C123GH6PM --define=TARGET_IS_BLIZZARD_RB1 -g --gcc --diag_warning=225 --diag_wrap=off --display_error_number --abi=eabi --preproc_with_compile --preproc_dependency="FreeRTOSSource/tasks.d_raw" --obj_directory="FreeRTOSSource"  "../FreeRTOSSource/tasks.c"
Finished building: "../FreeRTOSSource/tasks.c"
 
Building file: "../drivers/rgb.c"
Invoking: Arm Compiler
"D:/ccs/tools/compiler/ti-cgt-arm_20.2.4.LTS/bin/armcl" -mv7M4 --code_state=16 --float_support=FPv4SPD16 -me --include_path="D:/CODE COMPOSER STUDIO/FREERTOS/BTVN_2" --include_path="C:/Users/Dell/Desktop/EmbeddedProgExample/EmbeddedProgExample/FreeRTOSExample7/FreeRTOSSource" --include_path="C:/Users/Dell/Desktop/EmbeddedProgExample/EmbeddedProgExample/FreeRTOSExample7/drivers" --include_path="C:/Users/Dell/Desktop/EmbeddedProgExample/EmbeddedProgExample/FreeRTOSExample7" --include_path="C:/Users/Dell/Desktop/EmbeddedProgExample/EmbeddedProgExample/FreeRTOSExample7/Application" --include_path="C:/Users/Dell/Desktop/EmbeddedProgExample/EmbeddedProgExample/vdtrenlop/FreeRTOS/include" --include_path="C:/ti/TivaWare_C_Series-2.2.0.295" --include_path="D:/TIVAWARE" --include_path="D:/ccs/tools/compiler/ti-cgt-arm_20.2.4.LTS/include" --define=ccs="ccs" --define=PART_TM4C123GH6PM --define=TARGET_IS_BLIZZARD_RB1 -g --gcc --diag_warning=225 --diag_wrap=off --display_error_number --abi=eabi --preproc_with_compile --preproc_dependency="drivers/rgb.d_raw" --obj_directory="drivers"  "../drivers/rgb.c"
Finished building: "../drivers/rgb.c"
 
Building file: "../drivers/uartstdio.c"
Invoking: Arm Compiler
"D:/ccs/tools/compiler/ti-cgt-arm_20.2.4.LTS/bin/armcl" -mv7M4 --code_state=16 --float_support=FPv4SPD16 -me --include_path="D:/CODE COMPOSER STUDIO/FREERTOS/BTVN_2" --include_path="C:/Users/Dell/Desktop/EmbeddedProgExample/EmbeddedProgExample/FreeRTOSExample7/FreeRTOSSource" --include_path="C:/Users/Dell/Desktop/EmbeddedProgExample/EmbeddedProgExample/FreeRTOSExample7/drivers" --include_path="C:/Users/Dell/Desktop/EmbeddedProgExample/EmbeddedProgExample/FreeRTOSExample7" --include_path="C:/Users/Dell/Desktop/EmbeddedProgExample/EmbeddedProgExample/FreeRTOSExample7/Application" --include_path="C:/Users/Dell/Desktop/EmbeddedProgExample/EmbeddedProgExample/vdtrenlop/FreeRTOS/include" --include_path="C:/ti/TivaWare_C_Series-2.2.0.295" --include_path="D:/TIVAWARE" --include_path="D:/ccs/tools/compiler/ti-cgt-arm_20.2.4.LTS/include" --define=ccs="ccs" --define=PART_TM4C123GH6PM --define=TARGET_IS_BLIZZARD_RB1 -g --gcc --diag_warning=225 --diag_wrap=off --display_error_number --abi=eabi --preproc_with_compile --preproc_dependency="drivers/uartstdio.d_raw" --obj_directory="drivers"  "../drivers/uartstdio.c"
Finished building: "../drivers/uartstdio.c"
 
Building target: "BTVN_2.out"
Invoking: Arm Linker
"D:/ccs/tools/compiler/ti-cgt-arm_20.2.4.LTS/bin/armcl" -mv7M4 --code_state=16 --float_support=FPv4SPD16 -me --define=ccs="ccs" --define=PART_TM4C123GH6PM --define=TARGET_IS_BLIZZARD_RB1 -g --gcc --diag_warning=225 --diag_wrap=off --display_error_number --abi=eabi -z -m"BTVN_2.map" --heap_size=0 --stack_size=512 -i"D:/ccs/tools/compiler/ti-cgt-arm_20.2.4.LTS/lib" -i"D:/ccs/tools/compiler/ti-cgt-arm_20.2.4.LTS/include" --reread_libs --diag_wrap=off --display_error_number --warn_sections --xml_link_info="BTVN_2_linkInfo.xml" --rom_model -o "BTVN_2.out" "./tm4c123gh6pm_startup_ccs.obj" "./Application/freertos_demo.obj" "./Application/ledGreenStateMachine.obj" "./Application/ledRedStateMachine.obj" "./Application/led_task.obj" "./Application/switch_task.obj" "./FreeRTOSSource/croutine.obj" "./FreeRTOSSource/event_groups.obj" "./FreeRTOSSource/heap_2.obj" "./FreeRTOSSource/list.obj" "./FreeRTOSSource/port.obj" "./FreeRTOSSource/portasm.obj" "./FreeRTOSSource/queue.obj" "./FreeRTOSSource/stream_buffer.obj" "./FreeRTOSSource/tasks.obj" "./FreeRTOSSource/timers.obj" "./drivers/buttons.obj" "./drivers/led.obj" "./drivers/rgb.obj" "./drivers/switches.obj" "./drivers/uartstdio.obj" "D:/TIVAWARE/driverlib/ccs/Debug/driverlib.lib" "../tm4c123gh6pm.cmd"  -llibc.a 
<Linking>
Finished building target: "BTVN_2.out"
 

**** Build Finished ****
