
**** Build of configuration Debug for project FreeRTOSExample9 ****

"D:\\ccs\\utils\\bin\\gmake" -k -j 4 all -O 
 
Building file: "../interrupt.c"
Invoking: Arm Compiler
"D:/ccs/tools/compiler/ti-cgt-arm_20.2.4.LTS/bin/armcl" -mv7M4 --code_state=16 --float_support=FPv4SPD16 -me --include_path="D:/CODE COMPOSER STUDIO/FREERTOS/FreeRTOSExample9" --include_path="D:/EmbeddedProgExample/FreeRTOSExample9/FreeRTOSSource" --include_path="D:/EmbeddedProgExample/FreeRTOSExample9/drivers" --include_path="D:/EmbeddedProgExample/FreeRTOSExample9" --include_path="D:/EmbeddedProgExample/FreeRTOSExample9/Application" --include_path="D:/freeRTOSand driversource/FreeRTOS/FreeRTOSv10.0.1/FreeRTOS/Source/include" --include_path="C:/ti/TivaWare_C_Series-2.2.0.295" --include_path="D:/ccs/tools/compiler/ti-cgt-arm_20.2.4.LTS/include" --define=ccs="ccs" --define=PART_TM4C123GH6PM --define=TARGET_IS_BLIZZARD_RB1 -g --gcc --diag_warning=225 --diag_wrap=off --display_error_number --abi=eabi --preproc_with_compile --preproc_dependency="interrupt.d_raw"  "../interrupt.c"
 
>> Compilation failure
subdir_rules.mk:9: recipe for target 'interrupt.obj' failed
"../interrupt.c", line 49: fatal error #1965: cannot open source file "inc/hw_ints.h"
1 catastrophic error detected in the compilation of "../interrupt.c".
Compilation terminated.
gmake: *** [interrupt.obj] Error 1
Building file: "../tm4c123gh6pm_startup_ccs.c"
Invoking: Arm Compiler
"D:/ccs/tools/compiler/ti-cgt-arm_20.2.4.LTS/bin/armcl" -mv7M4 --code_state=16 --float_support=FPv4SPD16 -me --include_path="D:/CODE COMPOSER STUDIO/FREERTOS/FreeRTOSExample9" --include_path="D:/EmbeddedProgExample/FreeRTOSExample9/FreeRTOSSource" --include_path="D:/EmbeddedProgExample/FreeRTOSExample9/drivers" --include_path="D:/EmbeddedProgExample/FreeRTOSExample9" --include_path="D:/EmbeddedProgExample/FreeRTOSExample9/Application" --include_path="D:/freeRTOSand driversource/FreeRTOS/FreeRTOSv10.0.1/FreeRTOS/Source/include" --include_path="C:/ti/TivaWare_C_Series-2.2.0.295" --include_path="D:/ccs/tools/compiler/ti-cgt-arm_20.2.4.LTS/include" --define=ccs="ccs" --define=PART_TM4C123GH6PM --define=TARGET_IS_BLIZZARD_RB1 -g --gcc --diag_warning=225 --diag_wrap=off --display_error_number --abi=eabi --preproc_with_compile --preproc_dependency="tm4c123gh6pm_startup_ccs.d_raw"  "../tm4c123gh6pm_startup_ccs.c"
 
>> Compilation failure
subdir_rules.mk:9: recipe for target 'tm4c123gh6pm_startup_ccs.obj' failed
"../tm4c123gh6pm_startup_ccs.c", line 26: fatal error #1965: cannot open source file "inc/hw_nvic.h"
1 catastrophic error detected in the compilation of "../tm4c123gh6pm_startup_ccs.c".
Compilation terminated.
gmake: *** [tm4c123gh6pm_startup_ccs.obj] Error 1
Building file: "../Application/freertos_demo.c"
Invoking: Arm Compiler
"D:/ccs/tools/compiler/ti-cgt-arm_20.2.4.LTS/bin/armcl" -mv7M4 --code_state=16 --float_support=FPv4SPD16 -me --include_path="D:/CODE COMPOSER STUDIO/FREERTOS/FreeRTOSExample9" --include_path="D:/EmbeddedProgExample/FreeRTOSExample9/FreeRTOSSource" --include_path="D:/EmbeddedProgExample/FreeRTOSExample9/drivers" --include_path="D:/EmbeddedProgExample/FreeRTOSExample9" --include_path="D:/EmbeddedProgExample/FreeRTOSExample9/Application" --include_path="D:/freeRTOSand driversource/FreeRTOS/FreeRTOSv10.0.1/FreeRTOS/Source/include" --include_path="C:/ti/TivaWare_C_Series-2.2.0.295" --include_path="D:/ccs/tools/compiler/ti-cgt-arm_20.2.4.LTS/include" --define=ccs="ccs" --define=PART_TM4C123GH6PM --define=TARGET_IS_BLIZZARD_RB1 -g --gcc --diag_warning=225 --diag_wrap=off --display_error_number --abi=eabi --preproc_with_compile --preproc_dependency="Application/freertos_demo.d_raw" --obj_directory="Application"  "../Application/freertos_demo.c"
 
>> Compilation failure
Application/subdir_rules.mk:9: recipe for target 'Application/freertos_demo.obj' failed
"../Application/freertos_demo.c", line 27: fatal error #1965: cannot open source file "inc/hw_memmap.h"
1 catastrophic error detected in the compilation of "../Application/freertos_demo.c".
Compilation terminated.
gmake: *** [Application/freertos_demo.obj] Error 1
Building file: "../Application/ledGreenStateMachine.c"
Invoking: Arm Compiler
"D:/ccs/tools/compiler/ti-cgt-arm_20.2.4.LTS/bin/armcl" -mv7M4 --code_state=16 --float_support=FPv4SPD16 -me --include_path="D:/CODE COMPOSER STUDIO/FREERTOS/FreeRTOSExample9" --include_path="D:/EmbeddedProgExample/FreeRTOSExample9/FreeRTOSSource" --include_path="D:/EmbeddedProgExample/FreeRTOSExample9/drivers" --include_path="D:/EmbeddedProgExample/FreeRTOSExample9" --include_path="D:/EmbeddedProgExample/FreeRTOSExample9/Application" --include_path="D:/freeRTOSand driversource/FreeRTOS/FreeRTOSv10.0.1/FreeRTOS/Source/include" --include_path="C:/ti/TivaWare_C_Series-2.2.0.295" --include_path="D:/ccs/tools/compiler/ti-cgt-arm_20.2.4.LTS/include" --define=ccs="ccs" --define=PART_TM4C123GH6PM --define=TARGET_IS_BLIZZARD_RB1 -g --gcc --diag_warning=225 --diag_wrap=off --display_error_number --abi=eabi --preproc_with_compile --preproc_dependency="Application/ledGreenStateMachine.d_raw" --obj_directory="Application"  "../Application/ledGreenStateMachine.c"
 
>> Compilation failure
Application/subdir_rules.mk:9: recipe for target 'Application/ledGreenStateMachine.obj' failed
"..\Application\ledGreenStateMachine.h", line 13: fatal error #1965: cannot open source file "inc/hw_memmap.h"
1 catastrophic error detected in the compilation of "../Application/ledGreenStateMachine.c".
Compilation terminated.
gmake: *** [Application/ledGreenStateMachine.obj] Error 1
Building file: "../Application/ledRedStateMachine.c"
Invoking: Arm Compiler
"D:/ccs/tools/compiler/ti-cgt-arm_20.2.4.LTS/bin/armcl" -mv7M4 --code_state=16 --float_support=FPv4SPD16 -me --include_path="D:/CODE COMPOSER STUDIO/FREERTOS/FreeRTOSExample9" --include_path="D:/EmbeddedProgExample/FreeRTOSExample9/FreeRTOSSource" --include_path="D:/EmbeddedProgExample/FreeRTOSExample9/drivers" --include_path="D:/EmbeddedProgExample/FreeRTOSExample9" --include_path="D:/EmbeddedProgExample/FreeRTOSExample9/Application" --include_path="D:/freeRTOSand driversource/FreeRTOS/FreeRTOSv10.0.1/FreeRTOS/Source/include" --include_path="C:/ti/TivaWare_C_Series-2.2.0.295" --include_path="D:/ccs/tools/compiler/ti-cgt-arm_20.2.4.LTS/include" --define=ccs="ccs" --define=PART_TM4C123GH6PM --define=TARGET_IS_BLIZZARD_RB1 -g --gcc --diag_warning=225 --diag_wrap=off --display_error_number --abi=eabi --preproc_with_compile --preproc_dependency="Application/ledRedStateMachine.d_raw" --obj_directory="Application"  "../Application/ledRedStateMachine.c"
 
>> Compilation failure
Application/subdir_rules.mk:9: recipe for target 'Application/ledRedStateMachine.obj' failed
"../Application/ledRedStateMachine.c", line 9: fatal error #1965: cannot open source file "inc/hw_memmap.h"
1 catastrophic error detected in the compilation of "../Application/ledRedStateMachine.c".
Compilation terminated.
gmake: *** [Application/ledRedStateMachine.obj] Error 1
Building file: "../Application/led_task.c"
Invoking: Arm Compiler
"D:/ccs/tools/compiler/ti-cgt-arm_20.2.4.LTS/bin/armcl" -mv7M4 --code_state=16 --float_support=FPv4SPD16 -me --include_path="D:/CODE COMPOSER STUDIO/FREERTOS/FreeRTOSExample9" --include_path="D:/EmbeddedProgExample/FreeRTOSExample9/FreeRTOSSource" --include_path="D:/EmbeddedProgExample/FreeRTOSExample9/drivers" --include_path="D:/EmbeddedProgExample/FreeRTOSExample9" --include_path="D:/EmbeddedProgExample/FreeRTOSExample9/Application" --include_path="D:/freeRTOSand driversource/FreeRTOS/FreeRTOSv10.0.1/FreeRTOS/Source/include" --include_path="C:/ti/TivaWare_C_Series-2.2.0.295" --include_path="D:/ccs/tools/compiler/ti-cgt-arm_20.2.4.LTS/include" --define=ccs="ccs" --define=PART_TM4C123GH6PM --define=TARGET_IS_BLIZZARD_RB1 -g --gcc --diag_warning=225 --diag_wrap=off --display_error_number --abi=eabi --preproc_with_compile --preproc_dependency="Application/led_task.d_raw" --obj_directory="Application"  "../Application/led_task.c"
 
>> Compilation failure
Application/subdir_rules.mk:9: recipe for target 'Application/led_task.obj' failed
"../Application/led_task.c", line 27: fatal error #1965: cannot open source file "inc/hw_memmap.h"
1 catastrophic error detected in the compilation of "../Application/led_task.c".
Compilation terminated.
gmake: *** [Application/led_task.obj] Error 1
Building file: "../Application/switch_task.c"
Invoking: Arm Compiler
"D:/ccs/tools/compiler/ti-cgt-arm_20.2.4.LTS/bin/armcl" -mv7M4 --code_state=16 --float_support=FPv4SPD16 -me --include_path="D:/CODE COMPOSER STUDIO/FREERTOS/FreeRTOSExample9" --include_path="D:/EmbeddedProgExample/FreeRTOSExample9/FreeRTOSSource" --include_path="D:/EmbeddedProgExample/FreeRTOSExample9/drivers" --include_path="D:/EmbeddedProgExample/FreeRTOSExample9" --include_path="D:/EmbeddedProgExample/FreeRTOSExample9/Application" --include_path="D:/freeRTOSand driversource/FreeRTOS/FreeRTOSv10.0.1/FreeRTOS/Source/include" --include_path="C:/ti/TivaWare_C_Series-2.2.0.295" --include_path="D:/ccs/tools/compiler/ti-cgt-arm_20.2.4.LTS/include" --define=ccs="ccs" --define=PART_TM4C123GH6PM --define=TARGET_IS_BLIZZARD_RB1 -g --gcc --diag_warning=225 --diag_wrap=off --display_error_number --abi=eabi --preproc_with_compile --preproc_dependency="Application/switch_task.d_raw" --obj_directory="Application"  "../Application/switch_task.c"
 
>> Compilation failure
Application/subdir_rules.mk:9: recipe for target 'Application/switch_task.obj' failed
"../Application/switch_task.c", line 27: fatal error #1965: cannot open source file "inc/hw_memmap.h"
1 catastrophic error detected in the compilation of "../Application/switch_task.c".
Compilation terminated.
gmake: *** [Application/switch_task.obj] Error 1
Building file: "../FreeRTOSSource/croutine.c"
Invoking: Arm Compiler
"D:/ccs/tools/compiler/ti-cgt-arm_20.2.4.LTS/bin/armcl" -mv7M4 --code_state=16 --float_support=FPv4SPD16 -me --include_path="D:/CODE COMPOSER STUDIO/FREERTOS/FreeRTOSExample9" --include_path="D:/EmbeddedProgExample/FreeRTOSExample9/FreeRTOSSource" --include_path="D:/EmbeddedProgExample/FreeRTOSExample9/drivers" --include_path="D:/EmbeddedProgExample/FreeRTOSExample9" --include_path="D:/EmbeddedProgExample/FreeRTOSExample9/Application" --include_path="D:/freeRTOSand driversource/FreeRTOS/FreeRTOSv10.0.1/FreeRTOS/Source/include" --include_path="C:/ti/TivaWare_C_Series-2.2.0.295" --include_path="D:/ccs/tools/compiler/ti-cgt-arm_20.2.4.LTS/include" --define=ccs="ccs" --define=PART_TM4C123GH6PM --define=TARGET_IS_BLIZZARD_RB1 -g --gcc --diag_warning=225 --diag_wrap=off --display_error_number --abi=eabi --preproc_with_compile --preproc_dependency="FreeRTOSSource/croutine.d_raw" --obj_directory="FreeRTOSSource"  "../FreeRTOSSource/croutine.c"
 
>> Compilation failure
FreeRTOSSource/subdir_rules.mk:9: recipe for target 'FreeRTOSSource/croutine.obj' failed
"../FreeRTOSSource/croutine.c", line 28: fatal error #1965: cannot open source file "FreeRTOS.h"
1 catastrophic error detected in the compilation of "../FreeRTOSSource/croutine.c".
Compilation terminated.
gmake: *** [FreeRTOSSource/croutine.obj] Error 1
Building file: "../FreeRTOSSource/event_groups.c"
Invoking: Arm Compiler
"D:/ccs/tools/compiler/ti-cgt-arm_20.2.4.LTS/bin/armcl" -mv7M4 --code_state=16 --float_support=FPv4SPD16 -me --include_path="D:/CODE COMPOSER STUDIO/FREERTOS/FreeRTOSExample9" --include_path="D:/EmbeddedProgExample/FreeRTOSExample9/FreeRTOSSource" --include_path="D:/EmbeddedProgExample/FreeRTOSExample9/drivers" --include_path="D:/EmbeddedProgExample/FreeRTOSExample9" --include_path="D:/EmbeddedProgExample/FreeRTOSExample9/Application" --include_path="D:/freeRTOSand driversource/FreeRTOS/FreeRTOSv10.0.1/FreeRTOS/Source/include" --include_path="C:/ti/TivaWare_C_Series-2.2.0.295" --include_path="D:/ccs/tools/compiler/ti-cgt-arm_20.2.4.LTS/include" --define=ccs="ccs" --define=PART_TM4C123GH6PM --define=TARGET_IS_BLIZZARD_RB1 -g --gcc --diag_warning=225 --diag_wrap=off --display_error_number --abi=eabi --preproc_with_compile --preproc_dependency="FreeRTOSSource/event_groups.d_raw" --obj_directory="FreeRTOSSource"  "../FreeRTOSSource/event_groups.c"
 
>> Compilation failure
FreeRTOSSource/subdir_rules.mk:9: recipe for target 'FreeRTOSSource/event_groups.obj' failed
"../FreeRTOSSource/event_groups.c", line 37: fatal error #1965: cannot open source file "FreeRTOS.h"
1 catastrophic error detected in the compilation of "../FreeRTOSSource/event_groups.c".
Compilation terminated.
gmake: *** [FreeRTOSSource/event_groups.obj] Error 1
Building file: "../FreeRTOSSource/heap_2.c"
Invoking: Arm Compiler
"D:/ccs/tools/compiler/ti-cgt-arm_20.2.4.LTS/bin/armcl" -mv7M4 --code_state=16 --float_support=FPv4SPD16 -me --include_path="D:/CODE COMPOSER STUDIO/FREERTOS/FreeRTOSExample9" --include_path="D:/EmbeddedProgExample/FreeRTOSExample9/FreeRTOSSource" --include_path="D:/EmbeddedProgExample/FreeRTOSExample9/drivers" --include_path="D:/EmbeddedProgExample/FreeRTOSExample9" --include_path="D:/EmbeddedProgExample/FreeRTOSExample9/Application" --include_path="D:/freeRTOSand driversource/FreeRTOS/FreeRTOSv10.0.1/FreeRTOS/Source/include" --include_path="C:/ti/TivaWare_C_Series-2.2.0.295" --include_path="D:/ccs/tools/compiler/ti-cgt-arm_20.2.4.LTS/include" --define=ccs="ccs" --define=PART_TM4C123GH6PM --define=TARGET_IS_BLIZZARD_RB1 -g --gcc --diag_warning=225 --diag_wrap=off --display_error_number --abi=eabi --preproc_with_compile --preproc_dependency="FreeRTOSSource/heap_2.d_raw" --obj_directory="FreeRTOSSource"  "../FreeRTOSSource/heap_2.c"
 
>> Compilation failure
FreeRTOSSource/subdir_rules.mk:9: recipe for target 'FreeRTOSSource/heap_2.obj' failed
"../FreeRTOSSource/heap_2.c", line 44: fatal error #1965: cannot open source file "FreeRTOS.h"
1 catastrophic error detected in the compilation of "../FreeRTOSSource/heap_2.c".
Compilation terminated.
gmake: *** [FreeRTOSSource/heap_2.obj] Error 1
Building file: "../FreeRTOSSource/list.c"
Invoking: Arm Compiler
"D:/ccs/tools/compiler/ti-cgt-arm_20.2.4.LTS/bin/armcl" -mv7M4 --code_state=16 --float_support=FPv4SPD16 -me --include_path="D:/CODE COMPOSER STUDIO/FREERTOS/FreeRTOSExample9" --include_path="D:/EmbeddedProgExample/FreeRTOSExample9/FreeRTOSSource" --include_path="D:/EmbeddedProgExample/FreeRTOSExample9/drivers" --include_path="D:/EmbeddedProgExample/FreeRTOSExample9" --include_path="D:/EmbeddedProgExample/FreeRTOSExample9/Application" --include_path="D:/freeRTOSand driversource/FreeRTOS/FreeRTOSv10.0.1/FreeRTOS/Source/include" --include_path="C:/ti/TivaWare_C_Series-2.2.0.295" --include_path="D:/ccs/tools/compiler/ti-cgt-arm_20.2.4.LTS/include" --define=ccs="ccs" --define=PART_TM4C123GH6PM --define=TARGET_IS_BLIZZARD_RB1 -g --gcc --diag_warning=225 --diag_wrap=off --display_error_number --abi=eabi --preproc_with_compile --preproc_dependency="FreeRTOSSource/list.d_raw" --obj_directory="FreeRTOSSource"  "../FreeRTOSSource/list.c"
 
>> Compilation failure
FreeRTOSSource/subdir_rules.mk:9: recipe for target 'FreeRTOSSource/list.obj' failed
"../FreeRTOSSource/list.c", line 30: fatal error #1965: cannot open source file "FreeRTOS.h"
1 catastrophic error detected in the compilation of "../FreeRTOSSource/list.c".
Compilation terminated.
gmake: *** [FreeRTOSSource/list.obj] Error 1
Building file: "../FreeRTOSSource/port.c"
Invoking: Arm Compiler
"D:/ccs/tools/compiler/ti-cgt-arm_20.2.4.LTS/bin/armcl" -mv7M4 --code_state=16 --float_support=FPv4SPD16 -me --include_path="D:/CODE COMPOSER STUDIO/FREERTOS/FreeRTOSExample9" --include_path="D:/EmbeddedProgExample/FreeRTOSExample9/FreeRTOSSource" --include_path="D:/EmbeddedProgExample/FreeRTOSExample9/drivers" --include_path="D:/EmbeddedProgExample/FreeRTOSExample9" --include_path="D:/EmbeddedProgExample/FreeRTOSExample9/Application" --include_path="D:/freeRTOSand driversource/FreeRTOS/FreeRTOSv10.0.1/FreeRTOS/Source/include" --include_path="C:/ti/TivaWare_C_Series-2.2.0.295" --include_path="D:/ccs/tools/compiler/ti-cgt-arm_20.2.4.LTS/include" --define=ccs="ccs" --define=PART_TM4C123GH6PM --define=TARGET_IS_BLIZZARD_RB1 -g --gcc --diag_warning=225 --diag_wrap=off --display_error_number --abi=eabi --preproc_with_compile --preproc_dependency="FreeRTOSSource/port.d_raw" --obj_directory="FreeRTOSSource"  "../FreeRTOSSource/port.c"
 
>> Compilation failure
FreeRTOSSource/subdir_rules.mk:9: recipe for target 'FreeRTOSSource/port.obj' failed
"../FreeRTOSSource/port.c", line 33: fatal error #1965: cannot open source file "FreeRTOS.h"
1 catastrophic error detected in the compilation of "../FreeRTOSSource/port.c".
Compilation terminated.
gmake: *** [FreeRTOSSource/port.obj] Error 1
Building file: "../FreeRTOSSource/queue.c"
Invoking: Arm Compiler
"D:/ccs/tools/compiler/ti-cgt-arm_20.2.4.LTS/bin/armcl" -mv7M4 --code_state=16 --float_support=FPv4SPD16 -me --include_path="D:/CODE COMPOSER STUDIO/FREERTOS/FreeRTOSExample9" --include_path="D:/EmbeddedProgExample/FreeRTOSExample9/FreeRTOSSource" --include_path="D:/EmbeddedProgExample/FreeRTOSExample9/drivers" --include_path="D:/EmbeddedProgExample/FreeRTOSExample9" --include_path="D:/EmbeddedProgExample/FreeRTOSExample9/Application" --include_path="D:/freeRTOSand driversource/FreeRTOS/FreeRTOSv10.0.1/FreeRTOS/Source/include" --include_path="C:/ti/TivaWare_C_Series-2.2.0.295" --include_path="D:/ccs/tools/compiler/ti-cgt-arm_20.2.4.LTS/include" --define=ccs="ccs" --define=PART_TM4C123GH6PM --define=TARGET_IS_BLIZZARD_RB1 -g --gcc --diag_warning=225 --diag_wrap=off --display_error_number --abi=eabi --preproc_with_compile --preproc_dependency="FreeRTOSSource/queue.d_raw" --obj_directory="FreeRTOSSource"  "../FreeRTOSSource/queue.c"
 
>> Compilation failure
FreeRTOSSource/subdir_rules.mk:9: recipe for target 'FreeRTOSSource/queue.obj' failed
"../FreeRTOSSource/queue.c", line 36: fatal error #1965: cannot open source file "FreeRTOS.h"
1 catastrophic error detected in the compilation of "../FreeRTOSSource/queue.c".
Compilation terminated.
gmake: *** [FreeRTOSSource/queue.obj] Error 1
Building file: "../FreeRTOSSource/portasm.asm"
Invoking: Arm Compiler
"D:/ccs/tools/compiler/ti-cgt-arm_20.2.4.LTS/bin/armcl" -mv7M4 --code_state=16 --float_support=FPv4SPD16 -me --include_path="D:/CODE COMPOSER STUDIO/FREERTOS/FreeRTOSExample9" --include_path="D:/EmbeddedProgExample/FreeRTOSExample9/FreeRTOSSource" --include_path="D:/EmbeddedProgExample/FreeRTOSExample9/drivers" --include_path="D:/EmbeddedProgExample/FreeRTOSExample9" --include_path="D:/EmbeddedProgExample/FreeRTOSExample9/Application" --include_path="D:/freeRTOSand driversource/FreeRTOS/FreeRTOSv10.0.1/FreeRTOS/Source/include" --include_path="C:/ti/TivaWare_C_Series-2.2.0.295" --include_path="D:/ccs/tools/compiler/ti-cgt-arm_20.2.4.LTS/include" --define=ccs="ccs" --define=PART_TM4C123GH6PM --define=TARGET_IS_BLIZZARD_RB1 -g --gcc --diag_warning=225 --diag_wrap=off --display_error_number --abi=eabi --preproc_with_compile --preproc_dependency="FreeRTOSSource/portasm.d_raw" --obj_directory="FreeRTOSSource"  "../FreeRTOSSource/portasm.asm"
Finished building: "../FreeRTOSSource/portasm.asm"
 
Building file: "../FreeRTOSSource/stream_buffer.c"
Invoking: Arm Compiler
"D:/ccs/tools/compiler/ti-cgt-arm_20.2.4.LTS/bin/armcl" -mv7M4 --code_state=16 --float_support=FPv4SPD16 -me --include_path="D:/CODE COMPOSER STUDIO/FREERTOS/FreeRTOSExample9" --include_path="D:/EmbeddedProgExample/FreeRTOSExample9/FreeRTOSSource" --include_path="D:/EmbeddedProgExample/FreeRTOSExample9/drivers" --include_path="D:/EmbeddedProgExample/FreeRTOSExample9" --include_path="D:/EmbeddedProgExample/FreeRTOSExample9/Application" --include_path="D:/freeRTOSand driversource/FreeRTOS/FreeRTOSv10.0.1/FreeRTOS/Source/include" --include_path="C:/ti/TivaWare_C_Series-2.2.0.295" --include_path="D:/ccs/tools/compiler/ti-cgt-arm_20.2.4.LTS/include" --define=ccs="ccs" --define=PART_TM4C123GH6PM --define=TARGET_IS_BLIZZARD_RB1 -g --gcc --diag_warning=225 --diag_wrap=off --display_error_number --abi=eabi --preproc_with_compile --preproc_dependency="FreeRTOSSource/stream_buffer.d_raw" --obj_directory="FreeRTOSSource"  "../FreeRTOSSource/stream_buffer.c"
 
>> Compilation failure
FreeRTOSSource/subdir_rules.mk:9: recipe for target 'FreeRTOSSource/stream_buffer.obj' failed
"../FreeRTOSSource/stream_buffer.c", line 38: fatal error #1965: cannot open source file "FreeRTOS.h"
1 catastrophic error detected in the compilation of "../FreeRTOSSource/stream_buffer.c".
Compilation terminated.
gmake: *** [FreeRTOSSource/stream_buffer.obj] Error 1
Building file: "../FreeRTOSSource/tasks.c"
Invoking: Arm Compiler
"D:/ccs/tools/compiler/ti-cgt-arm_20.2.4.LTS/bin/armcl" -mv7M4 --code_state=16 --float_support=FPv4SPD16 -me --include_path="D:/CODE COMPOSER STUDIO/FREERTOS/FreeRTOSExample9" --include_path="D:/EmbeddedProgExample/FreeRTOSExample9/FreeRTOSSource" --include_path="D:/EmbeddedProgExample/FreeRTOSExample9/drivers" --include_path="D:/EmbeddedProgExample/FreeRTOSExample9" --include_path="D:/EmbeddedProgExample/FreeRTOSExample9/Application" --include_path="D:/freeRTOSand driversource/FreeRTOS/FreeRTOSv10.0.1/FreeRTOS/Source/include" --include_path="C:/ti/TivaWare_C_Series-2.2.0.295" --include_path="D:/ccs/tools/compiler/ti-cgt-arm_20.2.4.LTS/include" --define=ccs="ccs" --define=PART_TM4C123GH6PM --define=TARGET_IS_BLIZZARD_RB1 -g --gcc --diag_warning=225 --diag_wrap=off --display_error_number --abi=eabi --preproc_with_compile --preproc_dependency="FreeRTOSSource/tasks.d_raw" --obj_directory="FreeRTOSSource"  "../FreeRTOSSource/tasks.c"
 
>> Compilation failure
FreeRTOSSource/subdir_rules.mk:9: recipe for target 'FreeRTOSSource/tasks.obj' failed
"../FreeRTOSSource/tasks.c", line 38: fatal error #1965: cannot open source file "FreeRTOS.h"
1 catastrophic error detected in the compilation of "../FreeRTOSSource/tasks.c".
Compilation terminated.
gmake: *** [FreeRTOSSource/tasks.obj] Error 1
Building file: "../FreeRTOSSource/timers.c"
Invoking: Arm Compiler
"D:/ccs/tools/compiler/ti-cgt-arm_20.2.4.LTS/bin/armcl" -mv7M4 --code_state=16 --float_support=FPv4SPD16 -me --include_path="D:/CODE COMPOSER STUDIO/FREERTOS/FreeRTOSExample9" --include_path="D:/EmbeddedProgExample/FreeRTOSExample9/FreeRTOSSource" --include_path="D:/EmbeddedProgExample/FreeRTOSExample9/drivers" --include_path="D:/EmbeddedProgExample/FreeRTOSExample9" --include_path="D:/EmbeddedProgExample/FreeRTOSExample9/Application" --include_path="D:/freeRTOSand driversource/FreeRTOS/FreeRTOSv10.0.1/FreeRTOS/Source/include" --include_path="C:/ti/TivaWare_C_Series-2.2.0.295" --include_path="D:/ccs/tools/compiler/ti-cgt-arm_20.2.4.LTS/include" --define=ccs="ccs" --define=PART_TM4C123GH6PM --define=TARGET_IS_BLIZZARD_RB1 -g --gcc --diag_warning=225 --diag_wrap=off --display_error_number --abi=eabi --preproc_with_compile --preproc_dependency="FreeRTOSSource/timers.d_raw" --obj_directory="FreeRTOSSource"  "../FreeRTOSSource/timers.c"
 
>> Compilation failure
FreeRTOSSource/subdir_rules.mk:9: recipe for target 'FreeRTOSSource/timers.obj' failed
"../FreeRTOSSource/timers.c", line 36: fatal error #1965: cannot open source file "FreeRTOS.h"
1 catastrophic error detected in the compilation of "../FreeRTOSSource/timers.c".
Compilation terminated.
gmake: *** [FreeRTOSSource/timers.obj] Error 1
Building file: "../drivers/buttons.c"
Invoking: Arm Compiler
"D:/ccs/tools/compiler/ti-cgt-arm_20.2.4.LTS/bin/armcl" -mv7M4 --code_state=16 --float_support=FPv4SPD16 -me --include_path="D:/CODE COMPOSER STUDIO/FREERTOS/FreeRTOSExample9" --include_path="D:/EmbeddedProgExample/FreeRTOSExample9/FreeRTOSSource" --include_path="D:/EmbeddedProgExample/FreeRTOSExample9/drivers" --include_path="D:/EmbeddedProgExample/FreeRTOSExample9" --include_path="D:/EmbeddedProgExample/FreeRTOSExample9/Application" --include_path="D:/freeRTOSand driversource/FreeRTOS/FreeRTOSv10.0.1/FreeRTOS/Source/include" --include_path="C:/ti/TivaWare_C_Series-2.2.0.295" --include_path="D:/ccs/tools/compiler/ti-cgt-arm_20.2.4.LTS/include" --define=ccs="ccs" --define=PART_TM4C123GH6PM --define=TARGET_IS_BLIZZARD_RB1 -g --gcc --diag_warning=225 --diag_wrap=off --display_error_number --abi=eabi --preproc_with_compile --preproc_dependency="drivers/buttons.d_raw" --obj_directory="drivers"  "../drivers/buttons.c"
 
>> Compilation failure
drivers/subdir_rules.mk:9: recipe for target 'drivers/buttons.obj' failed
"../drivers/buttons.c", line 27: fatal error #1965: cannot open source file "inc/hw_types.h"
1 catastrophic error detected in the compilation of "../drivers/buttons.c".
Compilation terminated.
gmake: *** [drivers/buttons.obj] Error 1
Building file: "../drivers/led.c"
Invoking: Arm Compiler
"D:/ccs/tools/compiler/ti-cgt-arm_20.2.4.LTS/bin/armcl" -mv7M4 --code_state=16 --float_support=FPv4SPD16 -me --include_path="D:/CODE COMPOSER STUDIO/FREERTOS/FreeRTOSExample9" --include_path="D:/EmbeddedProgExample/FreeRTOSExample9/FreeRTOSSource" --include_path="D:/EmbeddedProgExample/FreeRTOSExample9/drivers" --include_path="D:/EmbeddedProgExample/FreeRTOSExample9" --include_path="D:/EmbeddedProgExample/FreeRTOSExample9/Application" --include_path="D:/freeRTOSand driversource/FreeRTOS/FreeRTOSv10.0.1/FreeRTOS/Source/include" --include_path="C:/ti/TivaWare_C_Series-2.2.0.295" --include_path="D:/ccs/tools/compiler/ti-cgt-arm_20.2.4.LTS/include" --define=ccs="ccs" --define=PART_TM4C123GH6PM --define=TARGET_IS_BLIZZARD_RB1 -g --gcc --diag_warning=225 --diag_wrap=off --display_error_number --abi=eabi --preproc_with_compile --preproc_dependency="drivers/led.d_raw" --obj_directory="drivers"  "../drivers/led.c"
 
>> Compilation failure
drivers/subdir_rules.mk:9: recipe for target 'drivers/led.obj' failed
gmake: *** No rule to make target 'C:/ti/TivaWare_C_Series-2.2.0.295/driverlib/ccs/Debug/driverlib.lib', needed by 'all'.
"D:/CODE COMPOSER STUDIO/FREERTOS/FreeRTOSExample9/drivers/led.h", line 12: fatal error #1965: cannot open source file "inc/hw_types.h"
1 catastrophic error detected in the compilation of "../drivers/led.c".
Compilation terminated.
gmake: *** [drivers/led.obj] Error 1
Building file: "../drivers/rgb.c"
Invoking: Arm Compiler
"D:/ccs/tools/compiler/ti-cgt-arm_20.2.4.LTS/bin/armcl" -mv7M4 --code_state=16 --float_support=FPv4SPD16 -me --include_path="D:/CODE COMPOSER STUDIO/FREERTOS/FreeRTOSExample9" --include_path="D:/EmbeddedProgExample/FreeRTOSExample9/FreeRTOSSource" --include_path="D:/EmbeddedProgExample/FreeRTOSExample9/drivers" --include_path="D:/EmbeddedProgExample/FreeRTOSExample9" --include_path="D:/EmbeddedProgExample/FreeRTOSExample9/Application" --include_path="D:/freeRTOSand driversource/FreeRTOS/FreeRTOSv10.0.1/FreeRTOS/Source/include" --include_path="C:/ti/TivaWare_C_Series-2.2.0.295" --include_path="D:/ccs/tools/compiler/ti-cgt-arm_20.2.4.LTS/include" --define=ccs="ccs" --define=PART_TM4C123GH6PM --define=TARGET_IS_BLIZZARD_RB1 -g --gcc --diag_warning=225 --diag_wrap=off --display_error_number --abi=eabi --preproc_with_compile --preproc_dependency="drivers/rgb.d_raw" --obj_directory="drivers"  "../drivers/rgb.c"
 
>> Compilation failure
drivers/subdir_rules.mk:9: recipe for target 'drivers/rgb.obj' failed
"../drivers/rgb.c", line 27: fatal error #1965: cannot open source file "inc/hw_types.h"
1 catastrophic error detected in the compilation of "../drivers/rgb.c".
Compilation terminated.
gmake: *** [drivers/rgb.obj] Error 1
Building file: "../drivers/switches.c"
Invoking: Arm Compiler
"D:/ccs/tools/compiler/ti-cgt-arm_20.2.4.LTS/bin/armcl" -mv7M4 --code_state=16 --float_support=FPv4SPD16 -me --include_path="D:/CODE COMPOSER STUDIO/FREERTOS/FreeRTOSExample9" --include_path="D:/EmbeddedProgExample/FreeRTOSExample9/FreeRTOSSource" --include_path="D:/EmbeddedProgExample/FreeRTOSExample9/drivers" --include_path="D:/EmbeddedProgExample/FreeRTOSExample9" --include_path="D:/EmbeddedProgExample/FreeRTOSExample9/Application" --include_path="D:/freeRTOSand driversource/FreeRTOS/FreeRTOSv10.0.1/FreeRTOS/Source/include" --include_path="C:/ti/TivaWare_C_Series-2.2.0.295" --include_path="D:/ccs/tools/compiler/ti-cgt-arm_20.2.4.LTS/include" --define=ccs="ccs" --define=PART_TM4C123GH6PM --define=TARGET_IS_BLIZZARD_RB1 -g --gcc --diag_warning=225 --diag_wrap=off --display_error_number --abi=eabi --preproc_with_compile --preproc_dependency="drivers/switches.d_raw" --obj_directory="drivers"  "../drivers/switches.c"
 
>> Compilation failure
drivers/subdir_rules.mk:9: recipe for target 'drivers/switches.obj' failed
"..\drivers\switches.h", line 13: fatal error #1965: cannot open source file "inc/hw_types.h"
1 catastrophic error detected in the compilation of "../drivers/switches.c".
Compilation terminated.
gmake: *** [drivers/switches.obj] Error 1
Building file: "../drivers/uartstdio.c"
Invoking: Arm Compiler
"D:/ccs/tools/compiler/ti-cgt-arm_20.2.4.LTS/bin/armcl" -mv7M4 --code_state=16 --float_support=FPv4SPD16 -me --include_path="D:/CODE COMPOSER STUDIO/FREERTOS/FreeRTOSExample9" --include_path="D:/EmbeddedProgExample/FreeRTOSExample9/FreeRTOSSource" --include_path="D:/EmbeddedProgExample/FreeRTOSExample9/drivers" --include_path="D:/EmbeddedProgExample/FreeRTOSExample9" --include_path="D:/EmbeddedProgExample/FreeRTOSExample9/Application" --include_path="D:/freeRTOSand driversource/FreeRTOS/FreeRTOSv10.0.1/FreeRTOS/Source/include" --include_path="C:/ti/TivaWare_C_Series-2.2.0.295" --include_path="D:/ccs/tools/compiler/ti-cgt-arm_20.2.4.LTS/include" --define=ccs="ccs" --define=PART_TM4C123GH6PM --define=TARGET_IS_BLIZZARD_RB1 -g --gcc --diag_warning=225 --diag_wrap=off --display_error_number --abi=eabi --preproc_with_compile --preproc_dependency="drivers/uartstdio.d_raw" --obj_directory="drivers"  "../drivers/uartstdio.c"
 
>> Compilation failure
drivers/subdir_rules.mk:9: recipe for target 'drivers/uartstdio.obj' failed
"../drivers/uartstdio.c", line 28: fatal error #1965: cannot open source file "inc/hw_ints.h"
1 catastrophic error detected in the compilation of "../drivers/uartstdio.c".
Compilation terminated.
gmake: *** [drivers/uartstdio.obj] Error 1
gmake: Target 'all' not remade because of errors.

**** Build Finished ****
