
**** Build of configuration Debug for project Example4_UARTInterrupt ****

"E:\\Apps\\ti\\ccs1250\\ccs\\utils\\bin\\gmake" -k -j 16 all -O 
 
Building file: "../lib.c"
Invoking: Arm Compiler
"E:/Apps/ti/ccs1250/ccs/tools/compiler/ti-cgt-arm_20.2.7.LTS/bin/armcl" -mv7M4 --code_state=16 --float_support=FPv4SPD16 -me --include_path="G:/Workspace/learningMaster/TKHTNNC/EmbeddedProgExample/TVALab/Example4_UARTInterrupt" --include_path="E:/Apps/ti/TivaWare_C_Series-2.2.0.295" --include_path="C:/TI/TivaWare_C_Series-2.1.4.178" --include_path="E:/Apps/ti/ccs1250/ccs/tools/compiler/ti-cgt-arm_20.2.7.LTS/include" --define=ccs="ccs" --define=PART_TM4C123GH6PM -g --gcc --diag_warning=225 --diag_wrap=off --display_error_number --abi=eabi --preproc_with_compile --preproc_dependency="lib.d_raw"  "../lib.c"
"../lib.c", line 72: warning #169-D: argument of type "uint8_t *" is incompatible with parameter of type "uint32_t *"
"../lib.c", line 99: warning #69-D: integer conversion resulted in a change of sign
"../lib.c", line 126: warning #69-D: integer conversion resulted in a change of sign
"../lib.c", line 134: warning #69-D: integer conversion resulted in a change of sign
"../lib.c", line 185: warning #69-D: integer conversion resulted in a change of sign
"../lib.c", line 199: warning #69-D: integer conversion resulted in a change of sign
"../lib.c", line 224: warning #69-D: integer conversion resulted in a change of sign
"../lib.c", line 302: warning #69-D: integer conversion resulted in a change of sign
"../lib.c", line 319: warning #69-D: integer conversion resulted in a change of sign
"../lib.c", line 338: warning #69-D: integer conversion resulted in a change of sign
"../lib.c", line 348: warning #69-D: integer conversion resulted in a change of sign
Finished building: "../lib.c"
 
Building target: "Example4_UARTInterrupt.out"
Invoking: Arm Linker
"E:/Apps/ti/ccs1250/ccs/tools/compiler/ti-cgt-arm_20.2.7.LTS/bin/armcl" -mv7M4 --code_state=16 --float_support=FPv4SPD16 -me --define=ccs="ccs" --define=PART_TM4C123GH6PM -g --gcc --diag_warning=225 --diag_wrap=off --display_error_number --abi=eabi -z -m"Example4_UARTInterrupt.map" --heap_size=0 --stack_size=512 -i"E:/Apps/ti/ccs1250/ccs/tools/compiler/ti-cgt-arm_20.2.7.LTS/lib" -i"E:/Apps/ti/ccs1250/ccs/tools/compiler/ti-cgt-arm_20.2.7.LTS/include" --reread_libs --diag_wrap=off --display_error_number --warn_sections --xml_link_info="Example4_UARTInterrupt_linkInfo.xml" --rom_model -o "Example4_UARTInterrupt.out" "./lib.obj" "./main.obj" "./tm4c123gh6pm_startup_ccs.obj" "./uart.obj" "E:/Apps/ti/TivaWare_C_Series-2.2.0.295/driverlib/ccs/Debug/driverlib.lib" "../tm4c123gh6pm.cmd"  -llibc.a 
<Linking>
Finished building target: "Example4_UARTInterrupt.out"
 

**** Build Finished ****
